# JRE version: Java(TM) SE Runtime Environment (8.0_191-b12) (build 1.8.0_191-b12)
# Java VM: Java HotSpot(TM) 64-Bit Server VM (25.191-b12 mixed mode linux-amd64 compressed oops)
Heap:
 PSYoungGen      total 183808K, used 42391K [0x0000000744580000, 0x0000000753780000, 0x00000007c0000000)
  eden space 126976K, 7% used [0x0000000744580000,0x0000000744e6da28,0x000000074c180000)
  from space 56832K, 58% used [0x0000000750000000,0x0000000752078440,0x0000000753780000)
  to   space 60416K, 0% used [0x000000074c180000,0x000000074c180000,0x000000074fc80000)
 ParOldGen       total 502272K, used 105936K [0x000000064d000000, 0x000000066ba80000, 0x0000000744580000)
  object space 502272K, 21% used [0x000000064d000000,0x0000000653774218,0x000000066ba80000)
 Metaspace       used 44577K, capacity 45514K, committed 45656K, reserved 1089536K
  class space    used 5416K, capacity 5646K, committed 5720K, reserved 1048576K
GC Heap History (10 events):
Event: 996.859 GC heap before
{Heap before GC invocations=12 (full 2):
 PSYoungGen      total 198144K, used 164015K [0x0000000744580000, 0x0000000754b80000, 0x00000007c0000000)
  eden space 129536K, 100% used [0x0000000744580000,0x000000074c400000,0x000000074c400000)
  from space 68608K, 50% used [0x000000074c400000,0x000000074e5abe08,0x0000000750700000)
  to   space 67072K, 0% used [0x0000000750a00000,0x0000000750a00000,0x0000000754b80000)
 ParOldGen       total 502272K, used 105890K [0x000000064d000000, 0x000000066ba80000, 0x0000000744580000)
  object space 502272K, 21% used [0x000000064d000000,0x0000000653768a78,0x000000066ba80000)
 Metaspace       used 44083K, capacity 45016K, committed 45400K, reserved 1089536K
  class space    used 5404K, capacity 5611K, committed 5720K, reserved 1048576K
Event: 996.864 GC heap after
Heap after GC invocations=12 (full 2):
 PSYoungGen      total 195072K, used 31488K [0x0000000744580000, 0x0000000754680000, 0x00000007c0000000)
  eden space 133120K, 0% used [0x0000000744580000,0x0000000744580000,0x000000074c780000)
  from space 61952K, 50% used [0x0000000750a00000,0x00000007528c00b8,0x0000000754680000)
  to   space 65024K, 0% used [0x000000074c780000,0x000000074c780000,0x0000000750700000)
 ParOldGen       total 502272K, used 105898K [0x000000064d000000, 0x000000066ba80000, 0x0000000744580000)
  object space 502272K, 21% used [0x000000064d000000,0x000000065376aa78,0x000000066ba80000)
 Metaspace       used 44083K, capacity 45016K, committed 45400K, reserved 1089536K
  class space    used 5404K, capacity 5611K, committed 5720K, reserved 1048576K
}
Event: 1181.288 GC heap before
{Heap before GC invocations=13 (full 2):
 PSYoungGen      total 195072K, used 164608K [0x0000000744580000, 0x0000000754680000, 0x00000007c0000000)
  eden space 133120K, 100% used [0x0000000744580000,0x000000074c780000,0x000000074c780000)
  from space 61952K, 50% used [0x0000000750a00000,0x00000007528c00b8,0x0000000754680000)
  to   space 65024K, 0% used [0x000000074c780000,0x000000074c780000,0x0000000750700000)
 ParOldGen       total 502272K, used 105900K [0x000000064d000000, 0x000000066ba80000, 0x0000000744580000)
  object space 502272K, 21% used [0x000000064d000000,0x000000065376b128,0x000000066ba80000)
 Metaspace       used 44260K, capacity 45144K, committed 45400K, reserved 1089536K
  class space    used 5406K, capacity 5611K, committed 5720K, reserved 1048576K
Event: 1181.301 GC heap after
Heap after GC invocations=13 (full 2):
 PSYoungGen      total 167424K, used 35739K [0x0000000744580000, 0x0000000754400000, 0x00000007c0000000)
  eden space 131584K, 0% used [0x0000000744580000,0x0000000744580000,0x000000074c600000)
  from space 35840K, 99% used [0x000000074c780000,0x000000074ea66cb8,0x000000074ea80000)
  to   space 64512K, 0% used [0x0000000750500000,0x0000000750500000,0x0000000754400000)
 ParOldGen       total 502272K, used 105908K [0x000000064d000000, 0x000000066ba80000, 0x0000000744580000)
  object space 502272K, 21% used [0x000000064d000000,0x000000065376d128,0x000000066ba80000)
 Metaspace       used 44260K, capacity 45144K, committed 45400K, reserved 1089536K
  class space    used 5406K, capacity 5611K, committed 5720K, reserved 1048576K
}
Event: 1437.213 GC heap before
{Heap before GC invocations=14 (full 2):
 PSYoungGen      total 167424K, used 167323K [0x0000000744580000, 0x0000000754400000, 0x00000007c0000000)
  eden space 131584K, 100% used [0x0000000744580000,0x000000074c600000,0x000000074c600000)
  from space 35840K, 99% used [0x000000074c780000,0x000000074ea66cb8,0x000000074ea80000)
  to   space 64512K, 0% used [0x0000000750500000,0x0000000750500000,0x0000000754400000)
 ParOldGen       total 502272K, used 105910K [0x000000064d000000, 0x000000066ba80000, 0x0000000744580000)
  object space 502272K, 21% used [0x000000064d000000,0x000000065376db68,0x000000066ba80000)
 Metaspace       used 44341K, capacity 45208K, committed 45400K, reserved 1089536K
  class space    used 5406K, capacity 5611K, committed 5720K, reserved 1048576K
Event: 1437.224 GC heap after
Heap after GC invocations=14 (full 2):
 PSYoungGen      total 189952K, used 33874K [0x0000000744580000, 0x0000000753f80000, 0x00000007c0000000)
  eden space 130048K, 0% used [0x0000000744580000,0x0000000744580000,0x000000074c480000)
  from space 59904K, 56% used [0x0000000750500000,0x00000007526148b8,0x0000000753f80000)
  to   space 62976K, 0% used [0x000000074c480000,0x000000074c480000,0x0000000750200000)
 ParOldGen       total 502272K, used 105918K [0x000000064d000000, 0x000000066ba80000, 0x0000000744580000)
  object space 502272K, 21% used [0x000000064d000000,0x000000065376fb68,0x000000066ba80000)
 Metaspace       used 44341K, capacity 45208K, committed 45400K, reserved 1089536K
  class space    used 5406K, capacity 5611K, committed 5720K, reserved 1048576K
}
Event: 1661.198 GC heap before
{Heap before GC invocations=15 (full 2):
 PSYoungGen      total 189952K, used 163922K [0x0000000744580000, 0x0000000753f80000, 0x00000007c0000000)
  eden space 130048K, 100% used [0x0000000744580000,0x000000074c480000,0x000000074c480000)
  from space 59904K, 56% used [0x0000000750500000,0x00000007526148b8,0x0000000753f80000)
  to   space 62976K, 0% used [0x000000074c480000,0x000000074c480000,0x0000000750200000)
 ParOldGen       total 502272K, used 105920K [0x000000064d000000, 0x000000066ba80000, 0x0000000744580000)
  object space 502272K, 21% used [0x000000064d000000,0x0000000653770218,0x000000066ba80000)
 Metaspace       used 44461K, capacity 45412K, committed 45656K, reserved 1089536K
  class space    used 5410K, capacity 5613K, committed 5720K, reserved 1048576K
Event: 1661.211 GC heap after
Heap after GC invocations=15 (full 2):
 PSYoungGen      total 165376K, used 36750K [0x0000000744580000, 0x0000000753d00000, 0x00000007c0000000)
  eden space 128512K, 0% used [0x0000000744580000,0x0000000744580000,0x000000074c300000)
  from space 36864K, 99% used [0x000000074c480000,0x000000074e8639a0,0x000000074e880000)
  to   space 62464K, 0% used [0x0000000750000000,0x0000000750000000,0x0000000753d00000)
 ParOldGen       total 502272K, used 105928K [0x000000064d000000, 0x000000066ba80000, 0x0000000744580000)
  object space 502272K, 21% used [0x000000064d000000,0x0000000653772218,0x000000066ba80000)
 Metaspace       used 44461K, capacity 45412K, committed 45656K, reserved 1089536K
  class space    used 5410K, capacity 5613K, committed 5720K, reserved 1048576K
}
Event: 1947.399 GC heap before
{Heap before GC invocations=16 (full 2):
 PSYoungGen      total 165376K, used 165262K [0x0000000744580000, 0x0000000753d00000, 0x00000007c0000000)
  eden space 128512K, 100% used [0x0000000744580000,0x000000074c300000,0x000000074c300000)
  from space 36864K, 99% used [0x000000074c480000,0x000000074e8639a0,0x000000074e880000)
  to   space 62464K, 0% used [0x0000000750000000,0x0000000750000000,0x0000000753d00000)
 ParOldGen       total 502272K, used 105928K [0x000000064d000000, 0x000000066ba80000, 0x0000000744580000)
  object space 502272K, 21% used [0x000000064d000000,0x0000000653772218,0x000000066ba80000)
 Metaspace       used 44542K, capacity 45482K, committed 45656K, reserved 1089536K
  class space    used 5413K, capacity 5614K, committed 5720K, reserved 1048576K
Event: 1947.411 GC heap after
Heap after GC invocations=16 (full 2):
 PSYoungGen      total 183808K, used 33249K [0x0000000744580000, 0x0000000753780000, 0x00000007c0000000)
  eden space 126976K, 0% used [0x0000000744580000,0x0000000744580000,0x000000074c180000)
  from space 56832K, 58% used [0x0000000750000000,0x0000000752078440,0x0000000753780000)
  to   space 60416K, 0% used [0x000000074c180000,0x000000074c180000,0x000000074fc80000)
 ParOldGen       total 502272K, used 105936K [0x000000064d000000, 0x000000066ba80000, 0x0000000744580000)
  object space 502272K, 21% used [0x000000064d000000,0x0000000653774218,0x000000066ba80000)
 Metaspace       used 44542K, capacity 45482K, committed 45656K, reserved 1089536K
  class space    used 5413K, capacity 5614K, committed 5720K, reserved 1048576K
}

